<?xml version="1.0" encoding="UTF-8"?>
<coverage generated="1694711207334" clover="3.2.0">
  <project timestamp="1694711207334" name="All files">
    <metrics statements="51" coveredstatements="43" conditionals="24" coveredconditionals="14" methods="15" coveredmethods="9" elements="90" coveredelements="66" complexity="0" loc="51" ncloc="51" packages="3" files="6" classes="6"/>
    <package name="components">
      <metrics statements="2" coveredstatements="2" conditionals="0" coveredconditionals="0" methods="2" coveredmethods="1"/>
      <file name="helpers.ts" path="F:\Github projects\react-motion-components\src\components\helpers.ts">
        <metrics statements="2" coveredstatements="2" conditionals="0" coveredconditionals="0" methods="2" coveredmethods="1"/>
        <line num="1" count="1350" type="stmt"/>
        <line num="2" count="1" type="stmt"/>
      </file>
    </package>
    <package name="components.framer-ai-button">
      <metrics statements="35" coveredstatements="27" conditionals="20" coveredconditionals="12" methods="9" coveredmethods="4"/>
      <file name="Button.anim.tsx" path="F:\Github projects\react-motion-components\src\components\framer-ai-button\Button.anim.tsx">
        <metrics statements="12" coveredstatements="10" conditionals="8" coveredconditionals="4" methods="4" coveredmethods="2"/>
        <line num="2" count="1" type="stmt"/>
        <line num="4" count="1" type="stmt"/>
        <line num="32" count="1" type="stmt"/>
        <line num="51" count="1" type="stmt"/>
        <line num="61" count="1" type="stmt"/>
        <line num="62" count="18" type="stmt"/>
        <line num="69" count="0" type="stmt"/>
        <line num="80" count="1" type="stmt"/>
        <line num="103" count="1" type="stmt"/>
        <line num="118" count="1" type="stmt"/>
        <line num="119" count="270" type="stmt"/>
        <line num="131" count="0" type="stmt"/>
      </file>
      <file name="Button.module.css" path="F:\Github projects\react-motion-components\src\components\framer-ai-button\Button.module.css">
        <metrics statements="10" coveredstatements="6" conditionals="6" coveredconditionals="4" methods="2" coveredmethods="1"/>
        <line num="1" count="1" type="stmt"/>
        <line num="3" count="1" type="cond" truecount="3" falsecount="1"/>
        <line num="4" count="1" type="stmt"/>
        <line num="7" count="1" type="stmt"/>
        <line num="9" count="12" type="cond" truecount="1" falsecount="1"/>
        <line num="10" count="12" type="stmt"/>
        <line num="12" count="0" type="stmt"/>
        <line num="16" count="0" type="stmt"/>
        <line num="20" count="0" type="stmt"/>
        <line num="23" count="0" type="stmt"/>
      </file>
      <file name="Button.tsx" path="F:\Github projects\react-motion-components\src\components\framer-ai-button\Button.tsx">
        <metrics statements="13" coveredstatements="11" conditionals="6" coveredconditionals="4" methods="3" coveredmethods="1"/>
        <line num="1" count="1" type="stmt"/>
        <line num="2" count="1" type="stmt"/>
        <line num="3" count="1" type="stmt"/>
        <line num="4" count="1" type="stmt"/>
        <line num="5" count="1" type="stmt"/>
        <line num="7" count="1" type="stmt"/>
        <line num="9" count="1" type="cond" truecount="2" falsecount="0"/>
        <line num="10" count="3" type="stmt"/>
        <line num="11" count="3" type="stmt"/>
        <line num="13" count="3" type="stmt"/>
        <line num="22" count="0" type="stmt"/>
        <line num="23" count="0" type="stmt"/>
        <line num="42" count="1" type="stmt"/>
      </file>
    </package>
    <package name="components.framer-ai-button.components">
      <metrics statements="14" coveredstatements="14" conditionals="4" coveredconditionals="2" methods="4" coveredmethods="4"/>
      <file name="Sparkles.tsx" path="F:\Github projects\react-motion-components\src\components\framer-ai-button\components\Sparkles.tsx">
        <metrics statements="9" coveredstatements="9" conditionals="2" coveredconditionals="1" methods="3" coveredmethods="3"/>
        <line num="1" count="1" type="stmt"/>
        <line num="2" count="1" type="stmt"/>
        <line num="3" count="1" type="stmt"/>
        <line num="5" count="1" type="stmt"/>
        <line num="6" count="3" type="stmt"/>
        <line num="7" count="3" type="stmt"/>
        <line num="8" count="90" type="stmt"/>
        <line num="24" count="3" type="stmt"/>
        <line num="31" count="1" type="stmt"/>
      </file>
      <file name="Stars.tsx" path="F:\Github projects\react-motion-components\src\components\framer-ai-button\components\Stars.tsx">
        <metrics statements="5" coveredstatements="5" conditionals="2" coveredconditionals="1" methods="1" coveredmethods="1"/>
        <line num="1" count="1" type="stmt"/>
        <line num="2" count="1" type="stmt"/>
        <line num="4" count="1" type="stmt"/>
        <line num="5" count="3" type="stmt"/>
        <line num="32" count="1" type="stmt"/>
      </file>
    </package>
  </project>
</coverage>
