{"F:\\Github projects\\react-motion-components\\src\\components\\helpers.ts": {"path":"F:\\Github projects\\react-motion-components\\src\\components\\helpers.ts","statementMap":{"0":{"start":{"line":1,"column":26},"end":{"line":1,"column":113}},"1":{"start":{"line":1,"column":64},"end":{"line":1,"column":113}},"2":{"start":{"line":1,"column":13},"end":{"line":1,"column":26}},"3":{"start":{"line":2,"column":30},"end":{"line":2,"column":101}},"4":{"start":{"line":2,"column":68},"end":{"line":2,"column":101}},"5":{"start":{"line":2,"column":13},"end":{"line":2,"column":30}}},"fnMap":{"0":{"name":"(anonymous_0)","decl":{"start":{"line":1,"column":26},"end":{"line":1,"column":27}},"loc":{"start":{"line":1,"column":64},"end":{"line":1,"column":113}}},"1":{"name":"(anonymous_1)","decl":{"start":{"line":2,"column":30},"end":{"line":2,"column":31}},"loc":{"start":{"line":2,"column":68},"end":{"line":2,"column":101}}}},"branchMap":{},"s":{"0":1,"1":1350,"2":1,"3":1,"4":0,"5":1},"f":{"0":1350,"1":0},"b":{}}
,"F:\\Github projects\\react-motion-components\\src\\components\\framer-ai-button\\Button.anim.tsx": {"path":"F:\\Github projects\\react-motion-components\\src\\components\\framer-ai-button\\Button.anim.tsx","statementMap":{"0":{"start":{"line":2,"column":0},"end":{"line":2,"column":40}},"1":{"start":{"line":4,"column":13},"end":{"line":30,"column":2}},"2":{"start":{"line":32,"column":13},"end":{"line":49,"column":2}},"3":{"start":{"line":51,"column":13},"end":{"line":59,"column":2}},"4":{"start":{"line":61,"column":13},"end":{"line":78,"column":2}},"5":{"start":{"line":62,"column":24},"end":{"line":68,"column":4}},"6":{"start":{"line":69,"column":24},"end":{"line":77,"column":4}},"7":{"start":{"line":80,"column":13},"end":{"line":101,"column":2}},"8":{"start":{"line":103,"column":13},"end":{"line":116,"column":2}},"9":{"start":{"line":118,"column":13},"end":{"line":144,"column":2}},"10":{"start":{"line":119,"column":24},"end":{"line":130,"column":4}},"11":{"start":{"line":131,"column":24},"end":{"line":143,"column":4}}},"fnMap":{"0":{"name":"(anonymous_0)","decl":{"start":{"line":62,"column":8},"end":{"line":62,"column":9}},"loc":{"start":{"line":62,"column":24},"end":{"line":68,"column":4}}},"1":{"name":"(anonymous_1)","decl":{"start":{"line":69,"column":8},"end":{"line":69,"column":9}},"loc":{"start":{"line":69,"column":24},"end":{"line":77,"column":4}}},"2":{"name":"(anonymous_2)","decl":{"start":{"line":119,"column":8},"end":{"line":119,"column":9}},"loc":{"start":{"line":119,"column":24},"end":{"line":130,"column":4}}},"3":{"name":"(anonymous_3)","decl":{"start":{"line":131,"column":8},"end":{"line":131,"column":9}},"loc":{"start":{"line":131,"column":24},"end":{"line":143,"column":4}}}},"branchMap":{"0":{"loc":{"start":{"line":70,"column":28},"end":{"line":70,"column":57}},"type":"cond-expr","locations":[{"start":{"line":70,"column":38},"end":{"line":70,"column":39}},{"start":{"line":70,"column":42},"end":{"line":70,"column":57}}]},"1":{"loc":{"start":{"line":126,"column":24},"end":{"line":126,"column":96}},"type":"cond-expr","locations":[{"start":{"line":126,"column":46},"end":{"line":126,"column":70}},{"start":{"line":126,"column":73},"end":{"line":126,"column":96}}]},"2":{"loc":{"start":{"line":127,"column":6},"end":{"line":127,"column":null}},"type":"cond-expr","locations":[{"start":{"line":127,"column":28},"end":{"line":127,"column":52}},{"start":{"line":127,"column":55},"end":{"line":127,"column":null}}]},"3":{"loc":{"start":{"line":133,"column":13},"end":{"line":133,"column":47}},"type":"cond-expr","locations":[{"start":{"line":133,"column":27},"end":{"line":133,"column":35}},{"start":{"line":133,"column":38},"end":{"line":133,"column":47}}]}},"s":{"0":1,"1":1,"2":1,"3":1,"4":1,"5":18,"6":0,"7":1,"8":1,"9":1,"10":270,"11":0},"f":{"0":18,"1":0,"2":270,"3":0},"b":{"0":[0,0],"1":[126,144],"2":[145,125],"3":[0,0]}}
,"F:\\Github projects\\react-motion-components\\src\\components\\framer-ai-button\\Button.module.css": {"path":"F:\\Github projects\\react-motion-components\\src\\components\\framer-ai-button\\Button.module.css","statementMap":{"0":{"start":{"line":1,"column":13},"end":{"line":1,"column":130}},"1":{"start":{"line":3,"column":4},"end":{"line":24,"column":5}},"2":{"start":{"line":4,"column":8},"end":{"line":6,"column":11}},"3":{"start":{"line":7,"column":8},"end":{"line":18,"column":11}},"4":{"start":{"line":9,"column":16},"end":{"line":11,"column":17}},"5":{"start":{"line":10,"column":20},"end":{"line":10,"column":34}},"6":{"start":{"line":12,"column":16},"end":{"line":12,"column":36}},"7":{"start":{"line":16,"column":16},"end":{"line":16,"column":30}},"8":{"start":{"line":20,"column":8},"end":{"line":22,"column":11}},"9":{"start":{"line":23,"column":8},"end":{"line":23,"column":31}}},"fnMap":{"0":{"name":"(anonymous_0)","decl":{"start":{"line":8,"column":12},"end":{"line":8,"column":13}},"loc":{"start":{"line":8,"column":30},"end":{"line":13,"column":13}},"line":8},"1":{"name":"(anonymous_1)","decl":{"start":{"line":15,"column":12},"end":{"line":15,"column":13}},"loc":{"start":{"line":15,"column":29},"end":{"line":17,"column":13}},"line":15}},"branchMap":{"0":{"loc":{"start":{"line":3,"column":4},"end":{"line":24,"column":5}},"type":"if","locations":[{"start":{"line":3,"column":4},"end":{"line":24,"column":5}},{"start":{"line":19,"column":11},"end":{"line":24,"column":5}}],"line":3},"1":{"loc":{"start":{"line":3,"column":8},"end":{"line":3,"column":44}},"type":"binary-expr","locations":[{"start":{"line":3,"column":8},"end":{"line":3,"column":34}},{"start":{"line":3,"column":38},"end":{"line":3,"column":44}}],"line":3},"2":{"loc":{"start":{"line":9,"column":16},"end":{"line":11,"column":17}},"type":"if","locations":[{"start":{"line":9,"column":16},"end":{"line":11,"column":17}},{"start":{},"end":{}}],"line":9}},"s":{"0":1,"1":1,"2":1,"3":1,"4":12,"5":12,"6":0,"7":0,"8":0,"9":0},"f":{"0":12,"1":0},"b":{"0":[1,0],"1":[1,1],"2":[12,0]},"_coverageSchema":"1a1c01bbd47fc00a2c39e90264f33305004495a9","hash":"a0c2779e4522e4845da90a250fb743411e7b24a9"}
,"F:\\Github projects\\react-motion-components\\src\\components\\framer-ai-button\\Button.tsx": {"path":"F:\\Github projects\\react-motion-components\\src\\components\\framer-ai-button\\Button.tsx","statementMap":{"0":{"start":{"line":1,"column":0},"end":{"line":1,"column":37}},"1":{"start":{"line":2,"column":0},"end":{"line":2,"column":39}},"2":{"start":{"line":3,"column":0},"end":{"line":3,"column":93}},"3":{"start":{"line":4,"column":0},"end":{"line":4,"column":45}},"4":{"start":{"line":5,"column":0},"end":{"line":5,"column":39}},"5":{"start":{"line":7,"column":0},"end":{"line":7,"column":36}},"6":{"start":{"line":9,"column":32},"end":{"line":40,"column":1}},"7":{"start":{"line":10,"column":28},"end":{"line":10,"column":52}},"8":{"start":{"line":11,"column":21},"end":{"line":11,"column":58}},"9":{"start":{"line":13,"column":2},"end":{"line":39,"column":4}},"10":{"start":{"line":22,"column":28},"end":{"line":22,"column":42}},"11":{"start":{"line":23,"column":26},"end":{"line":23,"column":41}},"12":{"start":{"line":42,"column":0},"end":{"line":42,"column":22}}},"fnMap":{"0":{"name":"(anonymous_0)","decl":{"start":{"line":9,"column":32},"end":{"line":9,"column":33}},"loc":{"start":{"line":9,"column":101},"end":{"line":40,"column":1}}},"1":{"name":"(anonymous_1)","decl":{"start":{"line":22,"column":22},"end":{"line":22,"column":25}},"loc":{"start":{"line":22,"column":28},"end":{"line":22,"column":42}}},"2":{"name":"(anonymous_2)","decl":{"start":{"line":23,"column":20},"end":{"line":23,"column":23}},"loc":{"start":{"line":23,"column":26},"end":{"line":23,"column":41}}}},"branchMap":{"0":{"loc":{"start":{"line":9,"column":35},"end":{"line":9,"column":59}},"type":"default-arg","locations":[{"start":{"line":9,"column":46},"end":{"line":9,"column":59}}]},"1":{"loc":{"start":{"line":9,"column":61},"end":{"line":9,"column":73}},"type":"default-arg","locations":[{"start":{"line":9,"column":72},"end":{"line":9,"column":73}}]},"2":{"loc":{"start":{"line":20,"column":17},"end":{"line":20,"column":40}},"type":"cond-expr","locations":[{"start":{"line":20,"column":25},"end":{"line":20,"column":31}},{"start":{"line":20,"column":34},"end":{"line":20,"column":40}}]},"3":{"loc":{"start":{"line":31,"column":19},"end":{"line":31,"column":42}},"type":"cond-expr","locations":[{"start":{"line":31,"column":27},"end":{"line":31,"column":33}},{"start":{"line":31,"column":36},"end":{"line":31,"column":42}}]}},"s":{"0":1,"1":1,"2":1,"3":1,"4":1,"5":1,"6":1,"7":3,"8":3,"9":3,"10":0,"11":0,"12":1},"f":{"0":3,"1":0,"2":0},"b":{"0":[2],"1":[3],"2":[0,3],"3":[0,3]}}
,"F:\\Github projects\\react-motion-components\\src\\components\\framer-ai-button\\components\\Sparkles.tsx": {"path":"F:\\Github projects\\react-motion-components\\src\\components\\framer-ai-button\\components\\Sparkles.tsx","statementMap":{"0":{"start":{"line":1,"column":0},"end":{"line":1,"column":39}},"1":{"start":{"line":2,"column":0},"end":{"line":2,"column":45}},"2":{"start":{"line":3,"column":0},"end":{"line":3,"column":37}},"3":{"start":{"line":5,"column":17},"end":{"line":29,"column":1}},"4":{"start":{"line":6,"column":27},"end":{"line":22,"column":3}},"5":{"start":{"line":7,"column":4},"end":{"line":21,"column":7}},"6":{"start":{"line":8,"column":6},"end":{"line":10,"column":null}},"7":{"start":{"line":24,"column":2},"end":{"line":28,"column":4}},"8":{"start":{"line":31,"column":0},"end":{"line":31,"column":24}}},"fnMap":{"0":{"name":"(anonymous_0)","decl":{"start":{"line":5,"column":17},"end":{"line":5,"column":18}},"loc":{"start":{"line":5,"column":81},"end":{"line":29,"column":1}}},"1":{"name":"(anonymous_1)","decl":{"start":{"line":6,"column":27},"end":{"line":6,"column":30}},"loc":{"start":{"line":6,"column":32},"end":{"line":22,"column":3}}},"2":{"name":"(anonymous_2)","decl":{"start":{"line":7,"column":24},"end":{"line":7,"column":25}},"loc":{"start":{"line":8,"column":6},"end":{"line":10,"column":null}}}},"branchMap":{"0":{"loc":{"start":{"line":25,"column":40},"end":{"line":25,"column":63}},"type":"cond-expr","locations":[{"start":{"line":25,"column":48},"end":{"line":25,"column":54}},{"start":{"line":25,"column":57},"end":{"line":25,"column":63}}]}},"s":{"0":1,"1":1,"2":1,"3":1,"4":3,"5":3,"6":90,"7":3,"8":1},"f":{"0":3,"1":3,"2":90},"b":{"0":[0,3]}}
,"F:\\Github projects\\react-motion-components\\src\\components\\framer-ai-button\\components\\Stars.tsx": {"path":"F:\\Github projects\\react-motion-components\\src\\components\\framer-ai-button\\components\\Stars.tsx","statementMap":{"0":{"start":{"line":1,"column":0},"end":{"line":1,"column":39}},"1":{"start":{"line":2,"column":0},"end":{"line":2,"column":51}},"2":{"start":{"line":4,"column":14},"end":{"line":30,"column":1}},"3":{"start":{"line":5,"column":2},"end":{"line":29,"column":4}},"4":{"start":{"line":32,"column":0},"end":{"line":32,"column":21}}},"fnMap":{"0":{"name":"(anonymous_0)","decl":{"start":{"line":4,"column":14},"end":{"line":4,"column":15}},"loc":{"start":{"line":4,"column":48},"end":{"line":30,"column":1}}}},"branchMap":{"0":{"loc":{"start":{"line":11,"column":15},"end":{"line":11,"column":38}},"type":"cond-expr","locations":[{"start":{"line":11,"column":23},"end":{"line":11,"column":29}},{"start":{"line":11,"column":32},"end":{"line":11,"column":38}}]}},"s":{"0":1,"1":1,"2":1,"3":3,"4":1},"f":{"0":3},"b":{"0":[0,3]}}
}
