TN:
SF:src\components\helpers.ts
FN:1,(anonymous_0)
FN:2,(anonymous_1)
FNF:2
FNH:1
FNDA:1350,(anonymous_0)
FNDA:0,(anonymous_1)
DA:1,1350
DA:2,1
LF:2
LH:2
BRF:0
BRH:0
end_of_record
TN:
SF:src\components\framer-ai-button\Button.anim.tsx
FN:62,(anonymous_0)
FN:69,(anonymous_1)
FN:119,(anonymous_2)
FN:131,(anonymous_3)
FNF:4
FNH:2
FNDA:18,(anonymous_0)
FNDA:0,(anonymous_1)
FNDA:270,(anonymous_2)
FNDA:0,(anonymous_3)
DA:2,1
DA:4,1
DA:32,1
DA:51,1
DA:61,1
DA:62,18
DA:69,0
DA:80,1
DA:103,1
DA:118,1
DA:119,270
DA:131,0
LF:12
LH:10
BRDA:70,0,0,0
BRDA:70,0,1,0
BRDA:126,1,0,126
BRDA:126,1,1,144
BRDA:127,2,0,145
BRDA:127,2,1,125
BRDA:133,3,0,0
BRDA:133,3,1,0
BRF:8
BRH:4
end_of_record
TN:
SF:src\components\framer-ai-button\Button.module.css
FN:8,(anonymous_0)
FN:15,(anonymous_1)
FNF:2
FNH:1
FNDA:12,(anonymous_0)
FNDA:0,(anonymous_1)
DA:1,1
DA:3,1
DA:4,1
DA:7,1
DA:9,12
DA:10,12
DA:12,0
DA:16,0
DA:20,0
DA:23,0
LF:10
LH:6
BRDA:3,0,0,1
BRDA:3,0,1,0
BRDA:3,1,0,1
BRDA:3,1,1,1
BRDA:9,2,0,12
BRDA:9,2,1,0
BRF:6
BRH:4
end_of_record
TN:
SF:src\components\framer-ai-button\Button.tsx
FN:9,(anonymous_0)
FN:22,(anonymous_1)
FN:23,(anonymous_2)
FNF:3
FNH:1
FNDA:3,(anonymous_0)
FNDA:0,(anonymous_1)
FNDA:0,(anonymous_2)
DA:1,1
DA:2,1
DA:3,1
DA:4,1
DA:5,1
DA:7,1
DA:9,1
DA:10,3
DA:11,3
DA:13,3
DA:22,0
DA:23,0
DA:42,1
LF:13
LH:11
BRDA:9,0,0,2
BRDA:9,1,0,3
BRDA:20,2,0,0
BRDA:20,2,1,3
BRDA:31,3,0,0
BRDA:31,3,1,3
BRF:6
BRH:4
end_of_record
TN:
SF:src\components\framer-ai-button\components\Sparkles.tsx
FN:5,(anonymous_0)
FN:6,(anonymous_1)
FN:7,(anonymous_2)
FNF:3
FNH:3
FNDA:3,(anonymous_0)
FNDA:3,(anonymous_1)
FNDA:90,(anonymous_2)
DA:1,1
DA:2,1
DA:3,1
DA:5,1
DA:6,3
DA:7,3
DA:8,90
DA:24,3
DA:31,1
LF:9
LH:9
BRDA:25,0,0,0
BRDA:25,0,1,3
BRF:2
BRH:1
end_of_record
TN:
SF:src\components\framer-ai-button\components\Stars.tsx
FN:4,(anonymous_0)
FNF:1
FNH:1
FNDA:3,(anonymous_0)
DA:1,1
DA:2,1
DA:4,1
DA:5,3
DA:32,1
LF:5
LH:5
BRDA:11,0,0,0
BRDA:11,0,1,3
BRF:2
BRH:1
end_of_record
